-------------------------------------------------------------------------------
Test set: TestSuite
-------------------------------------------------------------------------------
Tests run: 2, Failures: 1, Errors: 0, Skipped: 0, Time elapsed: 5.086 s <<< FAILURE! - in TestSuite
parameterIntTest(testng.ApiTestTestNg)  Time elapsed: 1.976 s  <<< FAILURE!
java.lang.AssertionError: Lists differ at element [0]: true != false expected [true] but found [false]
	at testng.ApiTestTestNg.parameterIntTest(ApiTestTestNg.java:86)

